=== Chunk Parser Debug Log ===
2026-01-01T15:01:38.271Z Data size is -547814253 at offset 4
2026-01-01T15:01:38.272Z All strategies failed. First 32 bytes: 030125269389e4fa7d40a12592e974ba6130982793e9f502812a9525d2e984c2
2026-01-01T15:01:38.310Z All strategies failed. First 32 bytes: 0301252793c9e4f2813e9f26132994d269369c2793ea04fa7d3098269349c4da
2026-01-01T15:01:38.345Z Chunk data size: 84, first 10 bytes: ca6532994ea728544a25
2026-01-01T15:01:38.345Z Parsing sections from 84 bytes of data
2026-01-01T15:01:38.346Z Section parse failed at offset 0, data remaining: 84
2026-01-01T15:01:38.346Z SUCCESS: Parsed 0 sections from 84 bytes
2026-01-01T15:01:38.498Z Chunk data size: 19, first 10 bytes: 0984ca65349a25d2c984
2026-01-01T15:01:38.498Z Parsing sections from 19 bytes of data
2026-01-01T15:01:38.499Z Section parse failed at offset 0, data remaining: 19
2026-01-01T15:01:38.499Z SUCCESS: Parsed 0 sections from 19 bytes
2026-01-01T15:01:38.571Z Chunk data size: 13522, first 10 bytes: 349a5128952452492492
2026-01-01T15:01:38.571Z Parsing sections from 13522 bytes of data
2026-01-01T15:01:38.573Z SUCCESS: Parsed 24 sections from 13522 bytes
2026-01-01T15:01:38.603Z Parsing sections from 84 bytes of data
2026-01-01T15:01:38.604Z Section parse failed at offset 0, data remaining: 84
2026-01-01T15:01:38.698Z All strategies failed. First 32 bytes: 03012527d3e9f4fa7d3ea027d3e9f4fa7d3e9f27d3e9f502813e9f27d3e9f4fa
2026-01-01T15:01:39.346Z All strategies failed. First 32 bytes: 03012527d3e9f5028140a026d389d4ea793c9f28140a050285349b2753c9e4fa
2026-01-01T15:01:39.496Z All strategies failed. First 32 bytes: 0301252391c8e47a3d1e8f259208a45a311a8e2391c8e47a3d2695229168c46a
